<?xml version="1.0" encoding="UTF-8"?>
<!-- Generated by org.testng.reporters.JUnitXMLReporter -->
<testsuite hostname="DESKTOP-QB571LA" ignored="0" name="Test" tests="2" failures="2" timestamp="02 Mar 2023 04:21:29 GMT" time="26.337" errors="0">
  <testcase name="tc1" time="25.782" classname="org.login.ParallelExecution">
    <failure type="org.openqa.selenium.NoSuchWindowException" message="no such window: target window already closed
from unknown error: web view not found
  (Session info: MicrosoftEdge=110.0.1587.57)
Build info: version: &amp;apos;3.141.59&amp;apos;, revision: &amp;apos;e82be7d358&amp;apos;, time: &amp;apos;2018-11-14T08:17:03&amp;apos;
System info: host: &amp;apos;DESKTOP-QB571LA&amp;apos;, ip: &amp;apos;192.168.1.35&amp;apos;, os.name: &amp;apos;Windows 10&amp;apos;, os.arch: &amp;apos;amd64&amp;apos;, os.version: &amp;apos;10.0&amp;apos;, java.version: &amp;apos;1.8.0_202&amp;apos;
Driver info: org.openqa.selenium.edge.EdgeDriver
Capabilities {acceptInsecureCerts: false, browserName: msedge, browserVersion: 110.0.1587.57, javascriptEnabled: true, ms:edgeOptions: {debuggerAddress: localhost:52247}, msedge: {msedgedriverVersion: 110.0.1587.57 (01109f626421..., userDataDir: C:\Users\lenovo\AppData\Loc...}, networkConnectionEnabled: false, pageLoadStrategy: normal, platform: WINDOWS, platformName: WINDOWS, proxy: Proxy(), setWindowRect: true, strictFileInteractability: false, timeouts: {implicit: 0, pageLoad: 300000, script: 30000}, unhandledPromptBehavior: dismiss and notify, webauthn:extension:credBlob: true, webauthn:extension:largeBlob: true, webauthn:virtualAuthenticators: true}
Session ID: 043418d5b59e82334be276510f55bf5a">
      <![CDATA[org.openqa.selenium.NoSuchWindowException: no such window: target window already closed
from unknown error: web view not found
  (Session info: MicrosoftEdge=110.0.1587.57)
Build info: version: '3.141.59', revision: 'e82be7d358', time: '2018-11-14T08:17:03'
System info: host: 'DESKTOP-QB571LA', ip: '192.168.1.35', os.name: 'Windows 10', os.arch: 'amd64', os.version: '10.0', java.version: '1.8.0_202'
Driver info: org.openqa.selenium.edge.EdgeDriver
Capabilities {acceptInsecureCerts: false, browserName: msedge, browserVersion: 110.0.1587.57, javascriptEnabled: true, ms:edgeOptions: {debuggerAddress: localhost:52247}, msedge: {msedgedriverVersion: 110.0.1587.57 (01109f626421..., userDataDir: C:\Users\lenovo\AppData\Loc...}, networkConnectionEnabled: false, pageLoadStrategy: normal, platform: WINDOWS, platformName: WINDOWS, proxy: Proxy(), setWindowRect: true, strictFileInteractability: false, timeouts: {implicit: 0, pageLoad: 300000, script: 30000}, unhandledPromptBehavior: dismiss and notify, webauthn:extension:credBlob: true, webauthn:extension:largeBlob: true, webauthn:virtualAuthenticators: true}
Session ID: 043418d5b59e82334be276510f55bf5a
at org.openqa.selenium.remote.http.W3CHttpResponseCodec.createException(W3CHttpResponseCodec.java:187)
at org.openqa.selenium.remote.http.W3CHttpResponseCodec.decode(W3CHttpResponseCodec.java:122)
at org.openqa.selenium.remote.http.W3CHttpResponseCodec.decode(W3CHttpResponseCodec.java:49)
at org.openqa.selenium.remote.HttpCommandExecutor.execute(HttpCommandExecutor.java:158)
at org.openqa.selenium.remote.service.DriverCommandExecutor.execute(DriverCommandExecutor.java:83)
at org.openqa.selenium.remote.RemoteWebDriver.execute(RemoteWebDriver.java:552)
at org.openqa.selenium.remote.RemoteWebDriver.get(RemoteWebDriver.java:277)
at org.login.ParallelExecution.tc1(ParallelExecution.java:29)
at java.util.concurrent.ThreadPoolExecutor.runWorker(Unknown Source)
at java.util.concurrent.ThreadPoolExecutor$Worker.run(Unknown Source)
at java.lang.Thread.run(Unknown Source)
... Removed 14 stack frames]]>
    </failure>
  </testcase> <!-- tc1 -->
  <testcase name="tc0" time="26.265" classname="org.login.ParallelExecution">
    <failure type="org.openqa.selenium.WebDriverException" message="disconnected: received Inspector.detached event
  (failed to check if window was closed: disconnected: not connected to DevTools)
  (Session info: chrome=110.0.5481.178)
Build info: version: &amp;apos;3.141.59&amp;apos;, revision: &amp;apos;e82be7d358&amp;apos;, time: &amp;apos;2018-11-14T08:17:03&amp;apos;
System info: host: &amp;apos;DESKTOP-QB571LA&amp;apos;, ip: &amp;apos;192.168.1.35&amp;apos;, os.name: &amp;apos;Windows 10&amp;apos;, os.arch: &amp;apos;amd64&amp;apos;, os.version: &amp;apos;10.0&amp;apos;, java.version: &amp;apos;1.8.0_202&amp;apos;
Driver info: driver.version: ChromeDriver
remote stacktrace: Backtrace:
	(No symbol) [0x003837D3]
	(No symbol) [0x00318B81]
	(No symbol) [0x0021B36D]
	(No symbol) [0x0020E534]
	(No symbol) [0x0020DED8]
	(No symbol) [0x0020D324]
	(No symbol) [0x0020D241]
	(No symbol) [0x0020BC95]
	(No symbol) [0x0020C518]
	(No symbol) [0x0020B265]
	(No symbol) [0x00216BD6]
	(No symbol) [0x0020B145]
	(No symbol) [0x0020CDD4]
	(No symbol) [0x0020BC95]
	(No symbol) [0x0020C518]
	(No symbol) [0x0020B265]
	(No symbol) [0x00214236]
	(No symbol) [0x0020B145]
	(No symbol) [0x0020CDD4]
	(No symbol) [0x0020BC95]
	(No symbol) [0x0020C518]
	(No symbol) [0x0020B265]
	(No symbol) [0x00211E9B]
	(No symbol) [0x0020B145]
	(No symbol) [0x0020CDD4]
	(No symbol) [0x0020BC95]
	(No symbol) [0x0020C518]
	(No symbol) [0x0020B265]
	(No symbol) [0x00203C1F]
	(No symbol) [0x0020B145]
	(No symbol) [0x0020A784]
	(No symbol) [0x0020A33C]
	(No symbol) [0x0021CA93]
	(No symbol) [0x001FD95D]
	(No symbol) [0x001FCD48]
	(No symbol) [0x0027213B]
	(No symbol) [0x00271B2C]
	(No symbol) [0x0026B216]
	(No symbol) [0x00240D97]
	(No symbol) [0x0024253D]
	GetHandleVerifier [0x005FABF2+2510930]
	GetHandleVerifier [0x00628EC1+2700065]
	GetHandleVerifier [0x0062C86C+2714828]
	GetHandleVerifier [0x00433480+645344]
	(No symbol) [0x00320FD2]
	(No symbol) [0x00326C68]
	(No symbol) [0x00326D4B]
	(No symbol) [0x00330D6B]
	BaseThreadInitThunk [0x776300F9+25]
	RtlGetAppContainerNamedObjectPath [0x77A67BBE+286]
	RtlGetAppContainerNamedObjectPath [0x77A67B8E+238]
">
      <![CDATA[org.openqa.selenium.WebDriverException: disconnected: received Inspector.detached event
  (failed to check if window was closed: disconnected: not connected to DevTools)
  (Session info: chrome=110.0.5481.178)
Build info: version: '3.141.59', revision: 'e82be7d358', time: '2018-11-14T08:17:03'
System info: host: 'DESKTOP-QB571LA', ip: '192.168.1.35', os.name: 'Windows 10', os.arch: 'amd64', os.version: '10.0', java.version: '1.8.0_202'
Driver info: driver.version: ChromeDriver
remote stacktrace: Backtrace:
(No symbol) [0x003837D3]
(No symbol) [0x00318B81]
(No symbol) [0x0021B36D]
(No symbol) [0x0020E534]
(No symbol) [0x0020DED8]
(No symbol) [0x0020D324]
(No symbol) [0x0020D241]
(No symbol) [0x0020BC95]
(No symbol) [0x0020C518]
(No symbol) [0x0020B265]
(No symbol) [0x00216BD6]
(No symbol) [0x0020B145]
(No symbol) [0x0020CDD4]
(No symbol) [0x0020BC95]
(No symbol) [0x0020C518]
(No symbol) [0x0020B265]
(No symbol) [0x00214236]
(No symbol) [0x0020B145]
(No symbol) [0x0020CDD4]
(No symbol) [0x0020BC95]
(No symbol) [0x0020C518]
(No symbol) [0x0020B265]
(No symbol) [0x00211E9B]
(No symbol) [0x0020B145]
(No symbol) [0x0020CDD4]
(No symbol) [0x0020BC95]
(No symbol) [0x0020C518]
(No symbol) [0x0020B265]
(No symbol) [0x00203C1F]
(No symbol) [0x0020B145]
(No symbol) [0x0020A784]
(No symbol) [0x0020A33C]
(No symbol) [0x0021CA93]
(No symbol) [0x001FD95D]
(No symbol) [0x001FCD48]
(No symbol) [0x0027213B]
(No symbol) [0x00271B2C]
(No symbol) [0x0026B216]
(No symbol) [0x00240D97]
(No symbol) [0x0024253D]
GetHandleVerifier [0x005FABF2+2510930]
GetHandleVerifier [0x00628EC1+2700065]
GetHandleVerifier [0x0062C86C+2714828]
GetHandleVerifier [0x00433480+645344]
(No symbol) [0x00320FD2]
(No symbol) [0x00326C68]
(No symbol) [0x00326D4B]
(No symbol) [0x00330D6B]
BaseThreadInitThunk [0x776300F9+25]
RtlGetAppContainerNamedObjectPath [0x77A67BBE+286]
RtlGetAppContainerNamedObjectPath [0x77A67B8E+238]

at org.openqa.selenium.remote.W3CHandshakeResponse.lambda$errorHandler$0(W3CHandshakeResponse.java:62)
at org.openqa.selenium.remote.HandshakeResponse.lambda$getResponseFunction$0(HandshakeResponse.java:30)
at org.openqa.selenium.remote.ProtocolHandshake.lambda$createSession$0(ProtocolHandshake.java:126)
at java.util.stream.ReferencePipeline$3$1.accept(Unknown Source)
at java.util.Spliterators$ArraySpliterator.tryAdvance(Unknown Source)
at java.util.stream.ReferencePipeline.forEachWithCancel(Unknown Source)
at java.util.stream.AbstractPipeline.copyIntoWithCancel(Unknown Source)
at java.util.stream.AbstractPipeline.copyInto(Unknown Source)
at java.util.stream.AbstractPipeline.wrapAndCopyInto(Unknown Source)
at java.util.stream.FindOps$FindOp.evaluateSequential(Unknown Source)
at java.util.stream.AbstractPipeline.evaluate(Unknown Source)
at java.util.stream.ReferencePipeline.findFirst(Unknown Source)
at org.openqa.selenium.remote.ProtocolHandshake.createSession(ProtocolHandshake.java:128)
at org.openqa.selenium.remote.ProtocolHandshake.createSession(ProtocolHandshake.java:74)
at org.openqa.selenium.remote.HttpCommandExecutor.execute(HttpCommandExecutor.java:136)
at org.openqa.selenium.remote.service.DriverCommandExecutor.execute(DriverCommandExecutor.java:83)
at org.openqa.selenium.remote.RemoteWebDriver.execute(RemoteWebDriver.java:552)
at org.openqa.selenium.remote.RemoteWebDriver.startSession(RemoteWebDriver.java:213)
at org.openqa.selenium.remote.RemoteWebDriver.<init>(RemoteWebDriver.java:131)
at org.openqa.selenium.chrome.ChromeDriver.<init>(ChromeDriver.java:181)
at org.openqa.selenium.chrome.ChromeDriver.<init>(ChromeDriver.java:168)
at org.openqa.selenium.chrome.ChromeDriver.<init>(ChromeDriver.java:123)
at org.login.ParallelExecution.tc0(ParallelExecution.java:19)
at java.util.concurrent.ThreadPoolExecutor.runWorker(Unknown Source)
at java.util.concurrent.ThreadPoolExecutor$Worker.run(Unknown Source)
at java.lang.Thread.run(Unknown Source)
... Removed 14 stack frames]]>
    </failure>
  </testcase> <!-- tc0 -->
</testsuite> <!-- Test -->
